<?xml version="1.0" encoding="UTF-8"?>
<testsuites tests="5" failures="0" disabled="0" errors="0" time="0.619" timestamp="2026-09-16T13:02:06.873" name="AllTests">
  <testsuite name="Gemma4F10GuardTest" tests="5" failures="0" disabled="0" skipped="0" errors="0" time="0.333" timestamp="2026-09-16T13:02:07.143">
    <testcase name="OversizedCandidateIsRejectedWithoutTruncateAndExecute" file="src/test/llm/gemma4_generation/gemma4_f10_guard_test.cpp" line="84" status="run" result="completed" time="0.331" timestamp="2026-09-16T13:02:07.143" classname="Gemma4F10GuardTest" />
    <testcase name="ExcessiveContainerDepthIsRejectedWithoutCommittedDelta" file="src/test/llm/gemma4_generation/gemma4_f10_guard_test.cpp" line="91" status="run" result="completed" time="0.001" timestamp="2026-09-16T13:02:07.475" classname="Gemma4F10GuardTest" />
    <testcase name="UnterminatedNativeStringRecoversAtEnvelopeBoundary" file="src/test/llm/gemma4_generation/gemma4_f10_guard_test.cpp" line="98" status="run" result="completed" time="0" timestamp="2026-09-16T13:02:07.476" classname="Gemma4F10GuardTest" />
    <testcase name="UnterminatedJsonStringRecoversAtEnvelopeBoundary" file="src/test/llm/gemma4_generation/gemma4_f10_guard_test.cpp" line="103" status="run" result="completed" time="0" timestamp="2026-09-16T13:02:07.477" classname="Gemma4F10GuardTest" />
    <testcase name="UnterminatedContainerRecoversAtEnvelopeBoundary" file="src/test/llm/gemma4_generation/gemma4_f10_guard_test.cpp" line="108" status="run" result="completed" time="0" timestamp="2026-09-16T13:02:07.477" classname="Gemma4F10GuardTest" />
  </testsuite>
</testsuites>
