<?xml version="1.0" encoding="UTF-8"?>
<testsuites tests="12" failures="0" disabled="0" errors="0" time="0.469" timestamp="2026-09-16T13:02:08.334" name="AllTests">
  <testsuite name="Gemma4PhantomToolCallTest" tests="12" failures="0" disabled="0" skipped="0" errors="0" time="0.309" timestamp="2026-09-16T13:02:08.480">
    <testcase name="MalformedNumberPublishesNoExecutableHeader" file="src/test/llm/gemma4_generation/gemma4_phantom_tool_call_test.cpp" line="128" status="run" result="completed" time="0.296" timestamp="2026-09-16T13:02:08.480" classname="Gemma4PhantomToolCallTest" />
    <testcase name="MalformedNestedStructurePublishesNoExecutableHeader" file="src/test/llm/gemma4_generation/gemma4_phantom_tool_call_test.cpp" line="136" status="run" result="completed" time="0.001" timestamp="2026-09-16T13:02:08.776" classname="Gemma4PhantomToolCallTest" />
    <testcase name="UnknownRegisteredToolPublishesNoHeader" file="src/test/llm/gemma4_generation/gemma4_phantom_tool_call_test.cpp" line="142" status="run" result="completed" time="0" timestamp="2026-09-16T13:02:08.778" classname="Gemma4PhantomToolCallTest" />
    <testcase name="MalformedThenValidKeepsIndexZero" file="src/test/llm/gemma4_generation/gemma4_phantom_tool_call_test.cpp" line="148" status="run" result="completed" time="0.002" timestamp="2026-09-16T13:02:08.779" classname="Gemma4PhantomToolCallTest" />
    <testcase name="StreamingSplitMalformedPublishesNothing" file="src/test/llm/gemma4_generation/gemma4_phantom_tool_call_test.cpp" line="158" status="run" result="completed" time="0.001" timestamp="2026-09-16T13:02:08.781" classname="Gemma4PhantomToolCallTest" />
    <testcase name="CanonicalTwoEnvelopesYieldTwoCalls" file="src/test/llm/gemma4_generation/gemma4_phantom_tool_call_test.cpp" line="167" status="run" result="completed" time="0" timestamp="2026-09-16T13:02:08.783" classname="Gemma4PhantomToolCallTest" />
    <testcase name="OneEnvelopeGarbageMulticallPublishesNothing" file="src/test/llm/gemma4_generation/gemma4_phantom_tool_call_test.cpp" line="175" status="run" result="completed" time="0.001" timestamp="2026-09-16T13:02:08.784" classname="Gemma4PhantomToolCallTest" />
    <testcase name="OneEnvelopeAdjacentMulticallPublishesNothing" file="src/test/llm/gemma4_generation/gemma4_phantom_tool_call_test.cpp" line="183" status="run" result="completed" time="0" timestamp="2026-09-16T13:02:08.785" classname="Gemma4PhantomToolCallTest" />
    <testcase name="StopBeforeEnvelopeClosePublishesNothing" file="src/test/llm/gemma4_generation/gemma4_phantom_tool_call_test.cpp" line="190" status="run" result="completed" time="0" timestamp="2026-09-16T13:02:08.786" classname="Gemma4PhantomToolCallTest" />
    <testcase name="LengthBeforeEnvelopeClosePublishesNothing" file="src/test/llm/gemma4_generation/gemma4_phantom_tool_call_test.cpp" line="197" status="run" result="completed" time="0" timestamp="2026-09-16T13:02:08.786" classname="Gemma4PhantomToolCallTest" />
    <testcase name="RepeatedFinalizationDoesNotDuplicateCommittedCall" file="src/test/llm/gemma4_generation/gemma4_phantom_tool_call_test.cpp" line="212" status="run" result="completed" time="0" timestamp="2026-09-16T13:02:08.787" classname="Gemma4PhantomToolCallTest" />
    <testcase name="CanonicalValidCallPublishesOneAtomicDelta" file="src/test/llm/gemma4_generation/gemma4_phantom_tool_call_test.cpp" line="227" status="run" result="completed" time="0.001" timestamp="2026-09-16T13:02:08.788" classname="Gemma4PhantomToolCallTest" />
  </testsuite>
</testsuites>
