<?xml version="1.0" encoding="UTF-8"?>
<testsuites tests="27" failures="0" disabled="0" errors="0" time="0.016" timestamp="2026-09-16T13:05:58.811" name="AllTests">
  <testsuite name="Gemma4GenerationPolicyTest" tests="11" failures="0" disabled="0" skipped="0" errors="0" time="0.001" timestamp="2026-09-16T13:05:58.811">
    <testcase name="RequiredToolChoiceInstallsNativeStructuredGrammar" file="src/test/llm/gemma4_generation/gemma4_generation_policy_test.cpp" line="65" status="run" result="completed" time="0.001" timestamp="2026-09-16T13:05:58.811" classname="Gemma4GenerationPolicyTest" />
    <testcase name="AutoUsesLazyNativeToolTrigger" file="src/test/llm/gemma4_generation/gemma4_generation_policy_test.cpp" line="74" status="run" result="completed" time="0" timestamp="2026-09-16T13:05:58.812" classname="Gemma4GenerationPolicyTest" />
    <testcase name="NamedChoiceRestrictsGrammarToSelectedTool" file="src/test/llm/gemma4_generation/gemma4_generation_policy_test.cpp" line="94" status="run" result="completed" time="0" timestamp="2026-09-16T13:05:58.812" classname="Gemma4GenerationPolicyTest" />
    <testcase name="ActiveToolsRejectCompetingResponseFormat" file="src/test/llm/gemma4_generation/gemma4_generation_policy_test.cpp" line="112" status="run" result="completed" time="0" timestamp="2026-09-16T13:05:58.812" classname="Gemma4GenerationPolicyTest" />
    <testcase name="ToolChoiceNoneLeavesResponseFormatAvailable" file="src/test/llm/gemma4_generation/gemma4_generation_policy_test.cpp" line="122" status="run" result="completed" time="0" timestamp="2026-09-16T13:05:58.812" classname="Gemma4GenerationPolicyTest" />
    <testcase name="RequiredWithoutToolsIsRejected" file="src/test/llm/gemma4_generation/gemma4_generation_policy_test.cpp" line="132" status="run" result="completed" time="0" timestamp="2026-09-16T13:05:58.812" classname="Gemma4GenerationPolicyTest" />
    <testcase name="ValidToolNamesAreAcceptedInRequiredMode" file="src/test/llm/gemma4_generation/gemma4_generation_policy_test.cpp" line="141" status="run" result="completed" time="0" timestamp="2026-09-16T13:05:58.812" classname="Gemma4GenerationPolicyTest" />
    <testcase name="InvalidToolNamesAreRejectedInRequiredMode" file="src/test/llm/gemma4_generation/gemma4_generation_policy_test.cpp" line="150" status="run" result="completed" time="0" timestamp="2026-09-16T13:05:58.812" classname="Gemma4GenerationPolicyTest" />
    <testcase name="InvalidToolNameIsRejectedForNamedChoice" file="src/test/llm/gemma4_generation/gemma4_generation_policy_test.cpp" line="159" status="run" result="completed" time="0" timestamp="2026-09-16T13:05:58.812" classname="Gemma4GenerationPolicyTest" />
    <testcase name="InvalidToolNameIsRejectedForAutoChoice" file="src/test/llm/gemma4_generation/gemma4_generation_policy_test.cpp" line="165" status="run" result="completed" time="0" timestamp="2026-09-16T13:05:58.812" classname="Gemma4GenerationPolicyTest" />
    <testcase name="HardChoiceRequiresSuccessfulGrammarValidation" file="src/test/llm/gemma4_generation/gemma4_generation_policy_test.cpp" line="171" status="run" result="completed" time="0" timestamp="2026-09-16T13:05:58.812" classname="Gemma4GenerationPolicyTest" />
  </testsuite>
  <testsuite name="Gemma4ApiValidationTest" tests="16" failures="0" disabled="0" skipped="0" errors="0" time="0.005" timestamp="2026-09-16T13:05:58.822">
    <testcase name="InvalidRequiredGrammarReturnsInvalidArgumentWithoutFallback" file="src/test/llm/gemma4_generation/gemma4_generation_policy_test.cpp" line="251" status="run" result="completed" time="0.001" timestamp="2026-09-16T13:05:58.822" classname="Gemma4ApiValidationTest" />
    <testcase name="InvalidAutoGrammarKeepsOptionalFallback" file="src/test/llm/gemma4_generation/gemma4_generation_policy_test.cpp" line="273" status="run" result="completed" time="0" timestamp="2026-09-16T13:05:58.823" classname="Gemma4ApiValidationTest" />
    <testcase name="InvalidNamedPolicyReturnsStatusInsteadOfThrowing" file="src/test/llm/gemma4_generation/gemma4_generation_policy_test.cpp" line="289" status="run" result="completed" time="0" timestamp="2026-09-16T13:05:58.824" classname="Gemma4ApiValidationTest" />
    <testcase name="ChatCompletionsRejectsHardToolChoiceWithoutUsableTools" file="src/test/llm/gemma4_generation/gemma4_generation_policy_test.cpp" line="297" status="run" result="completed" time="0" timestamp="2026-09-16T13:05:58.824" classname="Gemma4ApiValidationTest" />
    <testcase name="ResponsesRejectsHardToolChoiceWithoutUsableTools" file="src/test/llm/gemma4_generation/gemma4_generation_policy_test.cpp" line="317" status="run" result="completed" time="0" timestamp="2026-09-16T13:05:58.824" classname="Gemma4ApiValidationTest" />
    <testcase name="HttpRejectsInvalidToolNames" file="src/test/llm/gemma4_generation/gemma4_generation_policy_test.cpp" line="338" status="run" result="completed" time="0" timestamp="2026-09-16T13:05:58.824" classname="Gemma4ApiValidationTest" />
    <testcase name="HttpAcceptsValidToolNames" file="src/test/llm/gemma4_generation/gemma4_generation_policy_test.cpp" line="364" status="run" result="completed" time="0" timestamp="2026-09-16T13:05:58.825" classname="Gemma4ApiValidationTest" />
    <testcase name="HttpRejectsReservedToolDeclarations" file="src/test/llm/gemma4_generation/gemma4_generation_policy_test.cpp" line="387" status="run" result="completed" time="0" timestamp="2026-09-16T13:05:58.826" classname="Gemma4ApiValidationTest" />
    <testcase name="HttpRejectsReservedNamedToolChoices" file="src/test/llm/gemma4_generation/gemma4_generation_policy_test.cpp" line="410" status="run" result="completed" time="0" timestamp="2026-09-16T13:05:58.826" classname="Gemma4ApiValidationTest" />
    <testcase name="ParallelFalseReachesRequestAndBoundsRequiredGrammar" file="src/test/llm/gemma4_generation/gemma4_generation_policy_test.cpp" line="433" status="run" result="completed" time="0" timestamp="2026-09-16T13:05:58.826" classname="Gemma4ApiValidationTest" />
    <testcase name="ParallelTrueAndDefaultAllowRequiredRepetition" file="src/test/llm/gemma4_generation/gemma4_generation_policy_test.cpp" line="449" status="run" result="completed" time="0" timestamp="2026-09-16T13:05:58.826" classname="Gemma4ApiValidationTest" />
    <testcase name="ParallelFalseBoundsNamedToolGrammar" file="src/test/llm/gemma4_generation/gemma4_generation_policy_test.cpp" line="468" status="run" result="completed" time="0" timestamp="2026-09-16T13:05:58.826" classname="Gemma4ApiValidationTest" />
    <testcase name="ParallelFalseBoundsAutoAfterLazyTrigger" file="src/test/llm/gemma4_generation/gemma4_generation_policy_test.cpp" line="484" status="run" result="completed" time="0" timestamp="2026-09-16T13:05:58.826" classname="Gemma4ApiValidationTest" />
    <testcase name="ParallelTrueAllowsAutoRepetitionAfterLazyTrigger" file="src/test/llm/gemma4_generation/gemma4_generation_policy_test.cpp" line="500" status="run" result="completed" time="0" timestamp="2026-09-16T13:05:58.826" classname="Gemma4ApiValidationTest" />
    <testcase name="ParallelPolicyRejectsNonBooleanHttpValue" file="src/test/llm/gemma4_generation/gemma4_generation_policy_test.cpp" line="516" status="run" result="completed" time="0" timestamp="2026-09-16T13:05:58.827" classname="Gemma4ApiValidationTest" />
    <testcase name="ResponsesEchoesExplicitParallelFalse" file="src/test/llm/gemma4_generation/gemma4_generation_policy_test.cpp" line="525" status="run" result="completed" time="0" timestamp="2026-09-16T13:05:58.827" classname="Gemma4ApiValidationTest" />
  </testsuite>
</testsuites>
