<?xml version="1.0" encoding="UTF-8"?>
<testsuites tests="5" failures="0" disabled="0" errors="0" time="0.407" timestamp="2026-09-16T13:05:58.811" name="AllTests">
  <testsuite name="Gemma4F7ContractTest" tests="5" failures="0" disabled="0" skipped="0" errors="0" time="0.255" timestamp="2026-09-16T13:05:58.950">
    <testcase name="NativeArrayMatrixMatchesUpstreamSemantics" file="src/test/llm/gemma4_generation/gemma4_f7_contract_test.cpp" line="88" status="run" result="completed" time="0.253" timestamp="2026-09-16T13:05:58.950" classname="Gemma4F7ContractTest" />
    <testcase name="MalformedOrUnclosedArrayCommitsNoCall" file="src/test/llm/gemma4_generation/gemma4_f7_contract_test.cpp" line="112" status="run" result="completed" time="0.001" timestamp="2026-09-16T13:05:59.204" classname="Gemma4F7ContractTest" />
    <testcase name="HttpAcceptsOnlyUnambiguouslyObjectRootSchemas" file="src/test/llm/gemma4_generation/gemma4_f7_contract_test.cpp" line="121" status="run" result="completed" time="0" timestamp="2026-09-16T13:05:59.205" classname="Gemma4F7ContractTest" />
    <testcase name="ToolWithoutParametersGetsCanonicalEmptyObjectSchema" file="src/test/llm/gemma4_generation/gemma4_f7_contract_test.cpp" line="169" status="run" result="completed" time="0" timestamp="2026-09-16T13:05:59.206" classname="Gemma4F7ContractTest" />
    <testcase name="DuplicateToolNamesWithDifferentSchemasAreRejected" file="src/test/llm/gemma4_generation/gemma4_f7_contract_test.cpp" line="182" status="run" result="completed" time="0" timestamp="2026-09-16T13:05:59.206" classname="Gemma4F7ContractTest" />
  </testsuite>
</testsuites>
